623 124 130 540 231 220 83 86 624 635 111 192 187 114 74 171 106 548 235 93 215 249 122 433 79 96 171 124 187 180
ti1: avg time: 232ms, std dev: 177.065465ms
65 73 19 3 3 34 63 17 41 45 51 13 21 36 44 29 19 69 40 9 25 10 52 52 8 2 6 29 26 6
ti2: avg time: 30ms, std dev: 21.076580ms
688 197 149 543 234 254 146 103 665 680 162 205 208 150 118 200 125 617 275 102 240 259 174 485 87 98 177 153 213 186
tot: avg time: 263ms, std dev: 184.457285ms
    65    83   146    55    19   116    87   203   207    58   108   194    68   201    85
   101    77    18   195    52   115   128   135   141   188    13   155   169    25   183
   225   170   220    92    59   147    76   157    16    75   113    64   152     7   122
   114    54    30    86   215   209    70    89    39   127   163   205    73    32   189
    57   218    74    14   222   154    26   219   142   119   145    62    33   165    45
   173   111   131    63   132    99    24   191    21   175   117   181    67   139    71
    72   178   213   200    60    98   172    27   125   104    31   103    96   204    12
   199     6   153   126   120    56   221    22   124    20   197     1    46   224   180
   214   109   168    90   123   162    82   112     9   190   148   174    38    42    34
     8    91    69    51    93   151   186    49   217    80   129    10   138   212   211
    11   106   161   110    47    66   134    53   182   187    84   130   107    94   223
   105   100   133   171   176    29   159     3    78   140   216    79   118    44   144
   196    43    17   179   136    88    36   121   149   167   166    23   198    81    95
     5   143   160    61   193   164   192   156    35    37    15   137   208   185     4
   150   206     2   202    48    41   102   158   210    28    50   177   184    40    97

Process finished with exit code 0
