    26   358   239     0     0     0     0     0     0     0     0     0     0     0     0     0     0     0     0     0
   149   156   299     0     0     0     0     0     0     0     0     0     0     0     0     0     0     0     0     0
   289   103   387     0     0     0     0     0     0     0     0     0     0     0     0     0     0     0     0     0
     0     0     0     0     0     0     0     0     0     0     0     0     0     0     0     0     0     0     0     0
     0     0     0     0     0     0     0     0     0     0     0     0     0     0     0     0     0     0     0     0
     0     0     0     0     0     0     0     0     0     0     0     0     0     0     0     0     0     0     0     0
     0     0     0     0     0     0     0     0     0     0     0     0     0     0     0     0     0     0     0     0
     0     0     0     0     0     0     0     0     0     0     0     0     0     0     0     0     0     0     0     0
     0     0     0     0     0     0     0     0     0     0     0     0     0     0     0     0     0     0     0     0
     0     0     0     0     0     0     0     0     0     0     0     0     0     0     0     0     0     0     0     0
     0     0     0     0     0     0     0     0     0     0     0     0     0     0     0     0     0     0     0     0
     0     0     0     0     0     0     0     0     0     0     0     0     0     0     0     0     0     0     0     0
     0     0     0     0     0     0     0     0     0     0     0     0     0     0     0     0     0     0     0     0
     0     0     0     0     0     0     0     0     0     0     0     0     0     0     0     0     0     0     0     0
     0     0     0     0     0     0     0     0     0     0     0     0     0     0     0     0     0     0     0     0
     0     0     0     0     0     0     0     0     0     0     0     0     0     0     0     0     0     0     0     0
     0     0     0     0     0     0     0     0     0     0     0     0     0     0     0     0     0     0     0     0
     0     0     0     0     0     0     0     0     0     0     0     0     0     0     0     0     0     0     0     0
     0     0     0     0     0     0     0     0     0     0     0     0     0     0     0     0     0     0     0     0
     0     0     0     0     0     0     0     0     0     0     0     0     0     0     0     0     0     0     0     0

612 633 654 270 590 981 453 207 939 344 162 150 335 267 146 1349 949 674 155 336 1202 891 219 631 197 348 235 147 162 501
ti1: avg time: 491ms, std dev: 334.520866ms
288 108 439 136 152 189 309 21 153 4 527 240 50 215 668 137 225 480 48 36 22 85 51 85 164 36 25 376 68 97
ti2: avg time: 181ms, std dev: 166.848381ms
900 741 1093 406 742 1170 762 228 1092 348 689 390 385 482 814 1486 1174 1154 203 372 1224 976 270 716 361 384 260 523 230 598
tot: avg time: 672ms, std dev: 358.361706ms
    26   358   239     1    53   130    86   144   377   356   145   282   234   277   154   168   349   214    93   324
   149   156   299    79   177   391    77     7   301   169   265     5   165   269   230    96   280   334   276   285
   289   103   387   300   245   233    13    80   362   178    61    37   325   201   347   121    49    54   284   341
   272   252   321   264    10   370   134   337   101    59   328   373   131   200    22   385   310     9    18   114
   327    25    46   273   166   318   357   176   226   348   129   120    60    65   141   126   260   292   174   381
   237    57   294   143   392   287    84   218   108   159   196   304    95   283   185   244   306   158   128   132
   188   198    24   229   342   208   173   330   336   320   193   146   135    44   228   241   268     3    97   307
   339   102   352    74   371   333   147   258    42   217   293    88    85   175   397    58   137    89   254   199
   290   345   115   314   393    82   375   104    47   140   296   142    66   374   124   247   255   183    75    43
    90   106   235   389    33   261   361   266   253   192   105   311    32    83   133   312   238    72   388   150
   202   122   113   259   187    63   110    99   209    39   221   335   298   267   243   394    52   189   305   303
    34    30   354   249   270   127   225   322   151   167   181   378   288   316     4   302    12   355   172    73
    50   119    64   246   203   111   186   309   248   227   251    16   152   395   220    81   338   332   350   112
   274   263    41   163   326   107   343    15   223    94   360   353   139    38   155   219   364   231    87   215
   182   138   180   262    11    51   382   271   117    78   123    35   386   100   351   372     8   396   236   331
   194   398   384    55   317     6   216   197   162    27    23   399   291   204   171     2    69   275   363   257
    20   232    92   367    70   346   379   242   164   376   125    56   344   210    98    36   184   161   390   118
   160   359   136    62   205    76   157    31   195   365   400   380   212   211   383    67   207   340    19    45
   319   278    21    91   222   213    14   281   109   329   286    71   366    48   308   315   256   295   148    40
   368   369   313   190    17   297   191   323   279   170    29   179   206   250   116   224    68    28   153   240