     0     0     0     0     0     0     0     0     0     0     0     0     0     0     0     0     0     0     0     0
     0     0     0     0     0     0     0     0     0     0     0     0     0     0     0     0     0     0     0     0
     0     0     0     0     0     0     0     0     0     0     0     0     0     0     0     0     0     0     0     0
     0     0     0     0     0     0     0     0     0     0     0     0     0     0     0     0     0     0     0     0
     0     0     0     0     0     0     0     0     0     0     0     0     0     0     0     0     0     0     0     0
     0     0     0     0     0     0     0     0     0     0     0     0     0     0     0     0     0     0     0     0
     0     0     0     0     0     0     0     0     0     0     0     0     0     0     0     0     0     0     0     0
     0     0     0     0     0     0     0     0     0     0     0     0     0     0     0     0     0     0     0     0
     0     0     0     0     0     0     0     0     0     0     0     0     0     0     0     0     0     0     0     0
     0     0     0     0     0     0     0     0     0     0     0     0     0     0     0     0     0     0     0     0
     0     0     0     0     0     0     0     0     0     0     0     0     0     0     0     0     0     0     0     0
     0     0     0     0     0     0     0     0     0     0     0     0     0     0     0     0     0     0     0     0
     0     0     0     0     0     0     0     0     0     0     0     0     0     0     0     0     0     0     0     0
     0     0     0     0     0     0     0     0     0     0     0     0     0     0     0     0     0     0     0     0
     0     0     0     0     0     0     0     0     0     0     0     0     0     0     0     0     0     0     0     0
     0     0     0     0     0     0     0     0     0     0     0   399   291   204     0     0     0     0     0     0
     0     0     0     0     0     0     0     0     0     0     0    56   344   210     0     0     0     0     0     0
     0     0     0     0     0     0     0     0     0     0     0   380   212   211     0     0     0     0     0     0
     0     0     0     0     0     0     0     0     0     0     0     0     0     0     0     0     0     0     0     0
     0     0     0     0     0     0     0     0     0     0     0     0     0     0     0     0     0     0     0     0


187 292 333 522 528 188 521 299 572 1555 317 893 2166 865 329 858 260 451 109 198 613 553 1546 276 786 806 897 1353 616 1671 
ti1: avg time: 685ms, std dev: 501.988003ms
195 181 30 289 29 404 6 104 239 197 170 7 712 175 271 71 558 218 215 100 100 63 21 26 62 302 490 68 44 73 
ti2: avg time: 180ms, std dev: 170.202690ms
382 473 363 811 557 592 527 403 811 1752 487 900 2878 1040 600 929 818 669 324 298 713 616 1567 302 848 1108 1387 1421 660 1744 
tot: avg time: 866ms, std dev: 554.831206ms
   228   164   388   278   310   156   127    86    49   199   276   325   375    91   390   120   116   115    66   151
   288    88   252   209   361   150    26    20    69   273   393   259   349   160   167   133   141   341   300    31
    73   330   129   335   283   208   277   161   207     8   323   118    68   251   102   197   366   352    38   184
   305   180   174   155    67   285   236    28    47   200   267   203   117    64   387    96   238   340   319   302
   217    54   242   244   113   220   172   367    16   357    83   301   130   166   360    34   358    76   213   287
   270   395   241    17    29   332   230   235   321    59   234    94   100   163   296   233   374   112     4   271
   202   372   173   356    58    93   336   186   196    51    70   214   189   114   378   237   298    99   182   206
   231   247   324    90   250    87    43   338   359    14    23   351    15   346   152   376    48   284   239   193
   137   392   176   111    40   343   260   314   121   290   258   126   255     1   124    78   386   322     2   274
   139    33    45   299   195    46   316   179   201   373   355   286   216   190   171   185    71   110   377   223
   123   369   107    44     6    98   385   394   354   253   280    18     7   368    85    81   192   308   218   320
   262    27   198   304   147   144    13   149    89   272   181   101   165   318   135   353   266   329   311   246
   128   281   227    11   342   370   303   381   226    21   269   334    36   384    80    37   364   108     3   105
   261    97    41   297   398   143   337   131   240   245   382   142   292    62   162   268    63   397    22    30
   317    95   177   312   307   327   159   248   328   225    53   103   224   345    92    84    25   146   104   339
    35    61   205   178   109   168   204   294   187   170    42   249   399   389   289   313   221    72   291   134
   257   279   263     5    57   188   210   148   371   293   122   391    56   106   295   157   194   136   344   138
   363    75   333   132   243   169   211   154   222   309    10    60   380    32   256   396    79   229   212   145
   119   140    50   379   347   219    12   158   175   215   315   326   362    77    24   350    19    52   365   306
    55   331   265   254   348   264   153    39   232   183    74     9   275   383    65   282   191    82   400   125
